Start testing: Aug 27 21:02 中国标准时间
----------------------------------------------------------
15/54 Testing: mechanism_registry_probe
15/54 Test: mechanism_registry_probe
Command: "D:/80th_special_version/Shower-of-Flowers-Brambles/Project-Dillen/build-parser/tests/Debug/mechanism_registry_probe.exe"
Directory: D:/80th_special_version/Shower-of-Flowers-Brambles/Project-Dillen/..
"mechanism_registry_probe" start time: Aug 27 21:02 中国标准时间
Output:
----------------------------------------------------------
Mechanism registries: passed (2 schemas, 1 algorithm, 1 definition)
<end of output>
Test time =   0.12 sec
----------------------------------------------------------
Test Passed.
"mechanism_registry_probe" end time: Aug 27 21:02 中国标准时间
"mechanism_registry_probe" time elapsed: 00:00:00
----------------------------------------------------------

16/54 Testing: mechanism_instance_store_probe
16/54 Test: mechanism_instance_store_probe
Command: "D:/80th_special_version/Shower-of-Flowers-Brambles/Project-Dillen/build-parser/tests/Debug/mechanism_instance_store_probe.exe"
Directory: D:/80th_special_version/Shower-of-Flowers-Brambles/Project-Dillen/..
"mechanism_instance_store_probe" start time: Aug 27 21:02 中国标准时间
Output:
----------------------------------------------------------
Mechanism Instance Store: passed (2 authoritative instances)
<end of output>
Test time =   0.09 sec
----------------------------------------------------------
Test Passed.
"mechanism_instance_store_probe" end time: Aug 27 21:02 中国标准时间
"mechanism_instance_store_probe" time elapsed: 00:00:00
----------------------------------------------------------

17/54 Testing: mechanism_transaction_probe
17/54 Test: mechanism_transaction_probe
Command: "D:/80th_special_version/Shower-of-Flowers-Brambles/Project-Dillen/build-parser/tests/Debug/mechanism_transaction_probe.exe"
Directory: D:/80th_special_version/Shower-of-Flowers-Brambles/Project-Dillen/..
"mechanism_transaction_probe" start time: Aug 27 21:02 中国标准时间
Output:
----------------------------------------------------------
Mechanism lifecycle and transactions: passed (2 instances)
<end of output>
Test time =   0.03 sec
----------------------------------------------------------
Test Passed.
"mechanism_transaction_probe" end time: Aug 27 21:02 中国标准时间
"mechanism_transaction_probe" time elapsed: 00:00:00
----------------------------------------------------------

18/54 Testing: mechanism_runtime_pipeline_probe
18/54 Test: mechanism_runtime_pipeline_probe
Command: "D:/80th_special_version/Shower-of-Flowers-Brambles/Project-Dillen/build-parser/tests/Debug/mechanism_runtime_pipeline_probe.exe"
Directory: D:/80th_special_version/Shower-of-Flowers-Brambles/Project-Dillen/..
"mechanism_runtime_pipeline_probe" start time: Aug 27 21:02 中国标准时间
Output:
----------------------------------------------------------
Mechanism runtime pipeline: passed (tick 3, revision 4)
<end of output>
Test time =   0.09 sec
----------------------------------------------------------
Test Passed.
"mechanism_runtime_pipeline_probe" end time: Aug 27 21:02 中国标准时间
"mechanism_runtime_pipeline_probe" time elapsed: 00:00:00
----------------------------------------------------------

19/54 Testing: parser_syntax_probe
19/54 Test: parser_syntax_probe
Command: "D:/80th_special_version/Shower-of-Flowers-Brambles/Project-Dillen/build-parser/tests/Debug/parser_syntax_probe.exe"
Directory: D:/80th_special_version/Shower-of-Flowers-Brambles/Project-Dillen/..
"parser_syntax_probe" start time: Aug 27 21:02 中国标准时间
Output:
----------------------------------------------------------
Parser syntax probe: passed
<end of output>
Test time =   0.11 sec
----------------------------------------------------------
Test Passed.
"parser_syntax_probe" end time: Aug 27 21:02 中国标准时间
"parser_syntax_probe" time elapsed: 00:00:00
----------------------------------------------------------

20/54 Testing: parser_pipeline_probe
20/54 Test: parser_pipeline_probe
Command: "D:/80th_special_version/Shower-of-Flowers-Brambles/Project-Dillen/build-parser/tests/Debug/parser_pipeline_probe.exe"
Directory: D:/80th_special_version/Shower-of-Flowers-Brambles/Project-Dillen/..
"parser_pipeline_probe" start time: Aug 27 21:02 中国标准时间
Output:
----------------------------------------------------------
Parser pipeline probe: passed
<end of output>
Test time =   0.04 sec
----------------------------------------------------------
Test Passed.
"parser_pipeline_probe" end time: Aug 27 21:02 中国标准时间
"parser_pipeline_probe" time elapsed: 00:00:00
----------------------------------------------------------

21/54 Testing: country_tag_slice_probe
21/54 Test: country_tag_slice_probe
Command: "D:/80th_special_version/Shower-of-Flowers-Brambles/Project-Dillen/build-parser/tests/Debug/country_tag_slice_probe.exe"
Directory: D:/80th_special_version/Shower-of-Flowers-Brambles/Project-Dillen/..
"country_tag_slice_probe" start time: Aug 27 21:02 中国标准时间
Output:
----------------------------------------------------------
Country tag slice: passed (142 definitions)
<end of output>
Test time =   0.03 sec
----------------------------------------------------------
Test Passed.
"country_tag_slice_probe" end time: Aug 27 21:02 中国标准时间
"country_tag_slice_probe" time elapsed: 00:00:00
----------------------------------------------------------

22/54 Testing: country_definition_slice_probe
22/54 Test: country_definition_slice_probe
Command: "D:/80th_special_version/Shower-of-Flowers-Brambles/Project-Dillen/build-parser/tests/Debug/country_definition_slice_probe.exe"
Directory: D:/80th_special_version/Shower-of-Flowers-Brambles/Project-Dillen/..
"country_definition_slice_probe" start time: Aug 27 21:02 中国标准时间
Output:
----------------------------------------------------------
Country definition slice: passed (58/142 Tags resolved)
<end of output>
Test time =   1.21 sec
----------------------------------------------------------
Test Passed.
"country_definition_slice_probe" end time: Aug 27 21:02 中国标准时间
"country_definition_slice_probe" time elapsed: 00:00:01
----------------------------------------------------------

23/54 Testing: country_history_slice_probe
23/54 Test: country_history_slice_probe
Command: "D:/80th_special_version/Shower-of-Flowers-Brambles/Project-Dillen/build-parser/tests/Debug/country_history_slice_probe.exe"
Directory: D:/80th_special_version/Shower-of-Flowers-Brambles/Project-Dillen/..
"country_history_slice_probe" start time: Aug 27 21:02 中国标准时间
Output:
----------------------------------------------------------
Country history slice: passed (102 sources, 102 Timelines, 488 dated patches)
<end of output>
Test time =   2.89 sec
----------------------------------------------------------
Test Passed.
"country_history_slice_probe" end time: Aug 27 21:03 中国标准时间
"country_history_slice_probe" time elapsed: 00:00:02
----------------------------------------------------------

24/54 Testing: province_region_slice_probe
24/54 Test: province_region_slice_probe
Command: "D:/80th_special_version/Shower-of-Flowers-Brambles/Project-Dillen/build-parser/tests/Debug/province_region_slice_probe.exe"
Directory: D:/80th_special_version/Shower-of-Flowers-Brambles/Project-Dillen/..
"province_region_slice_probe" start time: Aug 27 21:03 中国标准时间
Output:
----------------------------------------------------------
Province/Region slice: passed (14187 Provinces, 2250 Regions)
<end of output>
Test time =   0.63 sec
----------------------------------------------------------
Test Passed.
"province_region_slice_probe" end time: Aug 27 21:03 中国标准时间
"province_region_slice_probe" time elapsed: 00:00:00
----------------------------------------------------------

25/54 Testing: province_history_slice_probe
25/54 Test: province_history_slice_probe
Command: "D:/80th_special_version/Shower-of-Flowers-Brambles/Project-Dillen/build-parser/tests/Debug/province_history_slice_probe.exe"
Directory: D:/80th_special_version/Shower-of-Flowers-Brambles/Project-Dillen/..
"province_history_slice_probe" start time: Aug 27 21:03 中国标准时间
Output:
----------------------------------------------------------
Province history slice: passed (9422 sources, 9305 Timelines, 11878 dated patches)
<end of output>
Test time =  82.68 sec
----------------------------------------------------------
Test Passed.
"province_history_slice_probe" end time: Aug 27 21:04 中国标准时间
"province_history_slice_probe" time elapsed: 00:01:22
----------------------------------------------------------

26/54 Testing: unit_type_slice_probe
26/54 Test: unit_type_slice_probe
Command: "D:/80th_special_version/Shower-of-Flowers-Brambles/Project-Dillen/build-parser/tests/Debug/unit_type_slice_probe.exe"
Directory: D:/80th_special_version/Shower-of-Flowers-Brambles/Project-Dillen/..
"unit_type_slice_probe" start time: Aug 27 21:04 中国标准时间
Output:
----------------------------------------------------------
Unit type slice: passed (46 UnitTypeDefinitions, 4 model files excluded)
<end of output>
Test time =   1.28 sec
----------------------------------------------------------
Test Passed.
"unit_type_slice_probe" end time: Aug 27 21:04 中国标准时间
"unit_type_slice_probe" time elapsed: 00:00:01
----------------------------------------------------------

27/54 Testing: technology_slice_probe
27/54 Test: technology_slice_probe
Command: "D:/80th_special_version/Shower-of-Flowers-Brambles/Project-Dillen/build-parser/tests/Debug/technology_slice_probe.exe"
Directory: D:/80th_special_version/Shower-of-Flowers-Brambles/Project-Dillen/..
"technology_slice_probe" start time: Aug 27 21:04 中国标准时间
Output:
----------------------------------------------------------
Technology slice: passed (249 TechnologyDefinitions from 8 files)
<end of output>
Test time =   1.07 sec
----------------------------------------------------------
Test Passed.
"technology_slice_probe" end time: Aug 27 21:04 中国标准时间
"technology_slice_probe" time elapsed: 00:00:01
----------------------------------------------------------

28/54 Testing: unit_model_slice_probe
28/54 Test: unit_model_slice_probe
Command: "D:/80th_special_version/Shower-of-Flowers-Brambles/Project-Dillen/build-parser/tests/Debug/unit_model_slice_probe.exe"
Directory: D:/80th_special_version/Shower-of-Flowers-Brambles/Project-Dillen/..
"unit_model_slice_probe" start time: Aug 27 21:04 中国标准时间
Output:
----------------------------------------------------------
Unit model slice: passed (154 unique UnitModelDefinitions from 4 files)
<end of output>
Test time =   0.75 sec
----------------------------------------------------------
Test Passed.
"unit_model_slice_probe" end time: Aug 27 21:04 中国标准时间
"unit_model_slice_probe" time elapsed: 00:00:00
----------------------------------------------------------

29/54 Testing: order_of_battle_slice_probe
29/54 Test: order_of_battle_slice_probe
Command: "D:/80th_special_version/Shower-of-Flowers-Brambles/Project-Dillen/build-parser/tests/Debug/order_of_battle_slice_probe.exe"
Directory: D:/80th_special_version/Shower-of-Flowers-Brambles/Project-Dillen/..
"order_of_battle_slice_probe" start time: Aug 27 21:04 中国标准时间
Output:
----------------------------------------------------------
Order of battle slice: passed (304 files, 67791 nodes, 200 constructions)
<end of output>
Test time =  10.41 sec
----------------------------------------------------------
Test Passed.
"order_of_battle_slice_probe" end time: Aug 27 21:04 中国标准时间
"order_of_battle_slice_probe" time elapsed: 00:00:10
----------------------------------------------------------

30/54 Testing: diplomacy_history_slice_probe
30/54 Test: diplomacy_history_slice_probe
Command: "D:/80th_special_version/Shower-of-Flowers-Brambles/Project-Dillen/build-parser/tests/Debug/diplomacy_history_slice_probe.exe"
Directory: D:/80th_special_version/Shower-of-Flowers-Brambles/Project-Dillen/..
"diplomacy_history_slice_probe" start time: Aug 27 21:04 中国标准时间
Output:
----------------------------------------------------------
Diplomacy history: passed (107 timelines, 114 periods, 42 active edges)
<end of output>
Test time =   0.24 sec
----------------------------------------------------------
Test Passed.
"diplomacy_history_slice_probe" end time: Aug 27 21:04 中国标准时间
"diplomacy_history_slice_probe" time elapsed: 00:00:00
----------------------------------------------------------

31/54 Testing: war_history_slice_probe
31/54 Test: war_history_slice_probe
Command: "D:/80th_special_version/Shower-of-Flowers-Brambles/Project-Dillen/build-parser/tests/Debug/war_history_slice_probe.exe"
Directory: D:/80th_special_version/Shower-of-Flowers-Brambles/Project-Dillen/..
"war_history_slice_probe" start time: Aug 27 21:04 中国标准时间
Output:
----------------------------------------------------------
War history: passed (6 timelines, 33 patches, 2 active wars)
<end of output>
Test time =   0.37 sec
----------------------------------------------------------
Test Passed.
"war_history_slice_probe" end time: Aug 27 21:04 中国标准时间
"war_history_slice_probe" time elapsed: 00:00:00
----------------------------------------------------------

32/54 Testing: world_builder_probe
32/54 Test: world_builder_probe
Command: "D:/80th_special_version/Shower-of-Flowers-Brambles/Project-Dillen/build-parser/tests/Debug/world_builder_probe.exe"
Directory: D:/80th_special_version/Shower-of-Flowers-Brambles/Project-Dillen/..
"world_builder_probe" start time: Aug 27 21:04 中国标准时间
Output:
----------------------------------------------------------
WorldBuilder: passed (2 countries, 2 provinces, dated replay)
<end of output>
Test time =   0.02 sec
----------------------------------------------------------
Test Passed.
"world_builder_probe" end time: Aug 27 21:04 中国标准时间
"world_builder_probe" time elapsed: 00:00:00
----------------------------------------------------------

33/54 Testing: scenario_launch_pipeline_probe
33/54 Test: scenario_launch_pipeline_probe
Command: "D:/80th_special_version/Shower-of-Flowers-Brambles/Project-Dillen/build-parser/tests/Debug/scenario_launch_pipeline_probe.exe"
Directory: D:/80th_special_version/Shower-of-Flowers-Brambles/Project-Dillen/..
"scenario_launch_pipeline_probe" start time: Aug 27 21:04 中国标准时间
Output:
----------------------------------------------------------
Scenario launch pipeline: passed (bookmark override, 3 mounts, 2 countries)
<end of output>
Test time =   4.88 sec
----------------------------------------------------------
Test Passed.
"scenario_launch_pipeline_probe" end time: Aug 27 21:04 中国标准时间
"scenario_launch_pipeline_probe" time elapsed: 00:00:04
----------------------------------------------------------

End testing: Aug 27 21:04 中国标准时间
